# Logfile created on 2021-06-20 01:43:46 +0430 by logger.rb/v1.4.3
I, [2021-06-20T01:43:46.075522 #6160]  INFO -- : App exit: 6160
I, [2021-06-20T10:50:35.560836 #50090]  INFO -- : App Start
I, [2021-06-20T10:50:35.561232 #50090]  INFO -- : Version: 0.2.7
I, [2021-06-20T10:50:35.561395 #50090]  INFO -- : Ruby Version: 3.0.1
I, [2021-06-20T10:50:35.561472 #50090]  INFO -- : Msg handler: default
I, [2021-06-20T10:50:35.561510 #50090]  INFO -- : Encoding: 
I, [2021-06-20T10:50:35.561555 #50090]  INFO -- :   Script => UTF-8
I, [2021-06-20T10:50:35.561602 #50090]  INFO -- :   Locale => UTF-8
I, [2021-06-20T10:50:35.561665 #50090]  INFO -- :   Filesystem => UTF-8
I, [2021-06-20T10:50:35.561713 #50090]  INFO -- :   Default external => UTF-8
I, [2021-06-20T10:50:35.561757 #50090]  INFO -- :   Default internal => nil
I, [2021-06-20T14:17:31.476523 #50090]  INFO -- : App exit: 50090
I, [2021-06-20T14:38:35.735960 #95997]  INFO -- : App Start
I, [2021-06-20T14:38:35.736120 #95997]  INFO -- : Version: 0.2.7
I, [2021-06-20T14:38:35.736144 #95997]  INFO -- : Ruby Version: 3.0.1
I, [2021-06-20T14:38:35.736162 #95997]  INFO -- : Msg handler: default
I, [2021-06-20T14:38:35.736177 #95997]  INFO -- : Encoding: 
I, [2021-06-20T14:38:35.736194 #95997]  INFO -- :   Script => UTF-8
I, [2021-06-20T14:38:35.736212 #95997]  INFO -- :   Locale => UTF-8
I, [2021-06-20T14:38:35.736228 #95997]  INFO -- :   Filesystem => UTF-8
I, [2021-06-20T14:38:35.736245 #95997]  INFO -- :   Default external => UTF-8
I, [2021-06-20T14:38:35.736260 #95997]  INFO -- :   Default internal => nil
I, [2021-06-20T14:39:27.597059 #95997]  INFO -- : App exit: 95997
I, [2021-06-20T14:40:21.762321 #105374]  INFO -- : App Start
I, [2021-06-20T14:40:21.762416 #105374]  INFO -- : Version: 0.2.7
I, [2021-06-20T14:40:21.762437 #105374]  INFO -- : Ruby Version: 3.0.1
I, [2021-06-20T14:40:21.762455 #105374]  INFO -- : Msg handler: default
I, [2021-06-20T14:40:21.762469 #105374]  INFO -- : Encoding: 
I, [2021-06-20T14:40:21.762488 #105374]  INFO -- :   Script => UTF-8
I, [2021-06-20T14:40:21.762508 #105374]  INFO -- :   Locale => UTF-8
I, [2021-06-20T14:40:21.762528 #105374]  INFO -- :   Filesystem => UTF-8
I, [2021-06-20T14:40:21.762548 #105374]  INFO -- :   Default external => UTF-8
I, [2021-06-20T14:40:21.762567 #105374]  INFO -- :   Default internal => nil
I, [2021-06-20T14:44:33.832014 #105374]  INFO -- : App exit: 105374
I, [2021-06-20T14:51:20.943954 #141530]  INFO -- : App Start
I, [2021-06-20T14:51:20.944046 #141530]  INFO -- : Version: 0.2.7
I, [2021-06-20T14:51:20.944069 #141530]  INFO -- : Ruby Version: 3.0.1
I, [2021-06-20T14:51:20.944089 #141530]  INFO -- : Msg handler: default
I, [2021-06-20T14:51:20.944108 #141530]  INFO -- : Encoding: 
I, [2021-06-20T14:51:20.944127 #141530]  INFO -- :   Script => UTF-8
I, [2021-06-20T14:51:20.944146 #141530]  INFO -- :   Locale => UTF-8
I, [2021-06-20T14:51:20.944165 #141530]  INFO -- :   Filesystem => UTF-8
I, [2021-06-20T14:51:20.944184 #141530]  INFO -- :   Default external => UTF-8
I, [2021-06-20T14:51:20.944200 #141530]  INFO -- :   Default internal => nil
I, [2021-06-20T16:56:49.873964 #141530]  INFO -- : App exit: 141530
I, [2021-06-20T16:57:05.756331 #485572]  INFO -- : App Start
I, [2021-06-20T16:57:05.756382 #485572]  INFO -- : Version: 0.2.7
I, [2021-06-20T16:57:05.756399 #485572]  INFO -- : Ruby Version: 3.0.1
I, [2021-06-20T16:57:05.756413 #485572]  INFO -- : Msg handler: default
I, [2021-06-20T16:57:05.756424 #485572]  INFO -- : Encoding: 
I, [2021-06-20T16:57:05.756437 #485572]  INFO -- :   Script => UTF-8
I, [2021-06-20T16:57:05.756450 #485572]  INFO -- :   Locale => UTF-8
I, [2021-06-20T16:57:05.756462 #485572]  INFO -- :   Filesystem => UTF-8
I, [2021-06-20T16:57:05.756474 #485572]  INFO -- :   Default external => UTF-8
I, [2021-06-20T16:57:05.756487 #485572]  INFO -- :   Default internal => nil
I, [2021-06-20T17:36:14.653140 #485572]  INFO -- : App exit: 485572
I, [2021-06-20T17:42:26.265731 #29891]  INFO -- : App Start
I, [2021-06-20T17:42:26.265876 #29891]  INFO -- : Version: 0.2.7
I, [2021-06-20T17:42:26.265897 #29891]  INFO -- : Ruby Version: 3.0.1
I, [2021-06-20T17:42:26.265918 #29891]  INFO -- : Msg handler: default
I, [2021-06-20T17:42:26.265930 #29891]  INFO -- : Encoding: 
I, [2021-06-20T17:42:26.265942 #29891]  INFO -- :   Script => UTF-8
I, [2021-06-20T17:42:26.265955 #29891]  INFO -- :   Locale => UTF-8
I, [2021-06-20T17:42:26.265966 #29891]  INFO -- :   Filesystem => UTF-8
I, [2021-06-20T17:42:26.265977 #29891]  INFO -- :   Default external => UTF-8
I, [2021-06-20T17:42:26.265989 #29891]  INFO -- :   Default internal => nil
I, [2021-06-20T17:45:22.094712 #29891]  INFO -- : App exit: 29891
I, [2021-06-20T17:45:25.972229 #43884]  INFO -- : App Start
I, [2021-06-20T17:45:25.972314 #43884]  INFO -- : Version: 0.2.7
I, [2021-06-20T17:45:25.972346 #43884]  INFO -- : Ruby Version: 3.0.1
I, [2021-06-20T17:45:25.972368 #43884]  INFO -- : Msg handler: default
I, [2021-06-20T17:45:25.972386 #43884]  INFO -- : Encoding: 
I, [2021-06-20T17:45:25.972407 #43884]  INFO -- :   Script => UTF-8
I, [2021-06-20T17:45:25.972426 #43884]  INFO -- :   Locale => UTF-8
I, [2021-06-20T17:45:25.972446 #43884]  INFO -- :   Filesystem => UTF-8
I, [2021-06-20T17:45:25.972468 #43884]  INFO -- :   Default external => UTF-8
I, [2021-06-20T17:45:25.972486 #43884]  INFO -- :   Default internal => nil
I, [2021-06-20T18:34:49.381449 #43884]  INFO -- : App exit: 43884
I, [2021-06-20T19:25:42.067266 #5870]  INFO -- : App Start
I, [2021-06-20T19:25:42.067384 #5870]  INFO -- : Version: 0.2.7
I, [2021-06-20T19:25:42.067402 #5870]  INFO -- : Ruby Version: 3.0.1
I, [2021-06-20T19:25:42.067413 #5870]  INFO -- : Msg handler: default
I, [2021-06-20T19:25:42.067423 #5870]  INFO -- : Encoding: 
I, [2021-06-20T19:25:42.067435 #5870]  INFO -- :   Script => UTF-8
I, [2021-06-20T19:25:42.067446 #5870]  INFO -- :   Locale => UTF-8
I, [2021-06-20T19:25:42.067456 #5870]  INFO -- :   Filesystem => UTF-8
I, [2021-06-20T19:25:42.067467 #5870]  INFO -- :   Default external => UTF-8
I, [2021-06-20T19:25:42.067476 #5870]  INFO -- :   Default internal => nil
I, [2021-06-20T20:21:28.284437 #5870]  INFO -- : App exit: 5870
I, [2021-06-20T20:22:12.267120 #5890]  INFO -- : App Start
I, [2021-06-20T20:22:12.267278 #5890]  INFO -- : Version: 0.2.7
I, [2021-06-20T20:22:12.267313 #5890]  INFO -- : Ruby Version: 3.0.1
I, [2021-06-20T20:22:12.267338 #5890]  INFO -- : Msg handler: default
I, [2021-06-20T20:22:12.267360 #5890]  INFO -- : Encoding: 
I, [2021-06-20T20:22:12.267386 #5890]  INFO -- :   Script => UTF-8
I, [2021-06-20T20:22:12.267412 #5890]  INFO -- :   Locale => UTF-8
I, [2021-06-20T20:22:12.267435 #5890]  INFO -- :   Filesystem => UTF-8
I, [2021-06-20T20:22:12.267459 #5890]  INFO -- :   Default external => UTF-8
I, [2021-06-20T20:22:12.267478 #5890]  INFO -- :   Default internal => nil
I, [2021-06-20T20:22:30.118653 #5890]  INFO -- : App exit: 5890
I, [2021-06-20T20:50:44.194263 #9047]  INFO -- : App Start
I, [2021-06-20T20:50:44.194711 #9047]  INFO -- : Version: 0.2.7
I, [2021-06-20T20:50:44.194880 #9047]  INFO -- : Ruby Version: 3.0.1
I, [2021-06-20T20:50:44.194915 #9047]  INFO -- : Msg handler: default
I, [2021-06-20T20:50:44.194946 #9047]  INFO -- : Encoding: 
I, [2021-06-20T20:50:44.194979 #9047]  INFO -- :   Script => UTF-8
I, [2021-06-20T20:50:44.195000 #9047]  INFO -- :   Locale => UTF-8
I, [2021-06-20T20:50:44.195037 #9047]  INFO -- :   Filesystem => UTF-8
I, [2021-06-20T20:50:44.195064 #9047]  INFO -- :   Default external => UTF-8
I, [2021-06-20T20:50:44.195088 #9047]  INFO -- :   Default internal => nil
I, [2021-06-20T20:53:46.319759 #9047]  INFO -- : App exit: 9047
I, [2021-06-20T20:56:24.330998 #10504]  INFO -- : App Start
I, [2021-06-20T20:56:24.331206 #10504]  INFO -- : Version: 0.2.7
I, [2021-06-20T20:56:24.331242 #10504]  INFO -- : Ruby Version: 3.0.1
I, [2021-06-20T20:56:24.331259 #10504]  INFO -- : Msg handler: default
I, [2021-06-20T20:56:24.331272 #10504]  INFO -- : Encoding: 
I, [2021-06-20T20:56:24.331287 #10504]  INFO -- :   Script => UTF-8
I, [2021-06-20T20:56:24.331303 #10504]  INFO -- :   Locale => UTF-8
I, [2021-06-20T20:56:24.331330 #10504]  INFO -- :   Filesystem => UTF-8
I, [2021-06-20T20:56:24.331356 #10504]  INFO -- :   Default external => UTF-8
I, [2021-06-20T20:56:24.331370 #10504]  INFO -- :   Default internal => nil
I, [2021-06-20T20:56:49.345695 #10504]  INFO -- : App exit: 10504
I, [2021-06-20T21:07:04.869015 #5996]  INFO -- : App Start
I, [2021-06-20T21:07:04.869172 #5996]  INFO -- : Version: 0.2.7
I, [2021-06-20T21:07:04.869202 #5996]  INFO -- : Ruby Version: 3.0.1
I, [2021-06-20T21:07:04.869224 #5996]  INFO -- : Msg handler: default
I, [2021-06-20T21:07:04.869242 #5996]  INFO -- : Encoding: 
I, [2021-06-20T21:07:04.869261 #5996]  INFO -- :   Script => UTF-8
I, [2021-06-20T21:07:04.869281 #5996]  INFO -- :   Locale => UTF-8
I, [2021-06-20T21:07:04.869299 #5996]  INFO -- :   Filesystem => UTF-8
I, [2021-06-20T21:07:04.869318 #5996]  INFO -- :   Default external => UTF-8
I, [2021-06-20T21:07:04.869335 #5996]  INFO -- :   Default internal => nil
I, [2021-06-20T21:32:38.943434 #5996]  INFO -- : App exit: 5996
I, [2021-06-20T21:34:12.203717 #8909]  INFO -- : App Start
I, [2021-06-20T21:34:12.203843 #8909]  INFO -- : Version: 0.2.7
I, [2021-06-20T21:34:12.203863 #8909]  INFO -- : Ruby Version: 3.0.1
I, [2021-06-20T21:34:12.203876 #8909]  INFO -- : Msg handler: default
I, [2021-06-20T21:34:12.203887 #8909]  INFO -- : Encoding: 
I, [2021-06-20T21:34:12.203899 #8909]  INFO -- :   Script => UTF-8
I, [2021-06-20T21:34:12.203912 #8909]  INFO -- :   Locale => UTF-8
I, [2021-06-20T21:34:12.203923 #8909]  INFO -- :   Filesystem => UTF-8
I, [2021-06-20T21:34:12.203934 #8909]  INFO -- :   Default external => UTF-8
I, [2021-06-20T21:34:12.203944 #8909]  INFO -- :   Default internal => nil
I, [2021-06-20T22:26:22.694930 #8909]  INFO -- : App exit: 8909
I, [2021-06-20T22:28:36.812453 #224101]  INFO -- : App Start
I, [2021-06-20T22:28:36.812546 #224101]  INFO -- : Version: 0.2.7
I, [2021-06-20T22:28:36.812588 #224101]  INFO -- : Ruby Version: 3.0.1
I, [2021-06-20T22:28:36.812610 #224101]  INFO -- : Msg handler: default
I, [2021-06-20T22:28:36.812628 #224101]  INFO -- : Encoding: 
I, [2021-06-20T22:28:36.812650 #224101]  INFO -- :   Script => UTF-8
I, [2021-06-20T22:28:36.812674 #224101]  INFO -- :   Locale => UTF-8
I, [2021-06-20T22:28:36.812696 #224101]  INFO -- :   Filesystem => UTF-8
I, [2021-06-20T22:28:36.812715 #224101]  INFO -- :   Default external => UTF-8
I, [2021-06-20T22:28:36.812733 #224101]  INFO -- :   Default internal => nil
I, [2021-06-20T22:30:24.310310 #224101]  INFO -- : App exit: 224101
I, [2021-06-20T22:30:42.265916 #230620]  INFO -- : App Start
I, [2021-06-20T22:30:42.266168 #230620]  INFO -- : Version: 0.2.7
I, [2021-06-20T22:30:42.266347 #230620]  INFO -- : Ruby Version: 3.0.1
I, [2021-06-20T22:30:42.266423 #230620]  INFO -- : Msg handler: default
I, [2021-06-20T22:30:42.266478 #230620]  INFO -- : Encoding: 
I, [2021-06-20T22:30:42.266543 #230620]  INFO -- :   Script => UTF-8
I, [2021-06-20T22:30:42.266588 #230620]  INFO -- :   Locale => UTF-8
I, [2021-06-20T22:30:42.266670 #230620]  INFO -- :   Filesystem => UTF-8
I, [2021-06-20T22:30:42.266804 #230620]  INFO -- :   Default external => UTF-8
I, [2021-06-20T22:30:42.266914 #230620]  INFO -- :   Default internal => nil
I, [2021-06-20T22:39:53.805854 #230620]  INFO -- : App exit: 230620
I, [2021-06-20T22:52:45.968389 #31222]  INFO -- : App Start
I, [2021-06-20T22:52:45.968559 #31222]  INFO -- : Version: 0.2.7
I, [2021-06-20T22:52:45.968583 #31222]  INFO -- : Ruby Version: 3.0.1
I, [2021-06-20T22:52:45.968597 #31222]  INFO -- : Msg handler: default
I, [2021-06-20T22:52:45.968609 #31222]  INFO -- : Encoding: 
I, [2021-06-20T22:52:45.968621 #31222]  INFO -- :   Script => UTF-8
I, [2021-06-20T22:52:45.968635 #31222]  INFO -- :   Locale => UTF-8
I, [2021-06-20T22:52:45.968646 #31222]  INFO -- :   Filesystem => UTF-8
I, [2021-06-20T22:52:45.968658 #31222]  INFO -- :   Default external => UTF-8
I, [2021-06-20T22:52:45.968669 #31222]  INFO -- :   Default internal => nil
I, [2021-06-20T23:11:47.384111 #31222]  INFO -- : App exit: 31222
I, [2021-06-20T23:21:41.553079 #64367]  INFO -- : App Start
I, [2021-06-20T23:21:41.553252 #64367]  INFO -- : Version: 0.2.7
I, [2021-06-20T23:21:41.553288 #64367]  INFO -- : Ruby Version: 3.0.1
I, [2021-06-20T23:21:41.553309 #64367]  INFO -- : Msg handler: default
I, [2021-06-20T23:21:41.553326 #64367]  INFO -- : Encoding: 
I, [2021-06-20T23:21:41.553345 #64367]  INFO -- :   Script => UTF-8
I, [2021-06-20T23:21:41.553368 #64367]  INFO -- :   Locale => UTF-8
I, [2021-06-20T23:21:41.553386 #64367]  INFO -- :   Filesystem => UTF-8
I, [2021-06-20T23:21:41.553404 #64367]  INFO -- :   Default external => UTF-8
I, [2021-06-20T23:21:41.553421 #64367]  INFO -- :   Default internal => nil
I, [2021-06-21T00:19:42.107715 #64367]  INFO -- : App exit: 64367
I, [2021-06-21T00:19:46.299222 #97555]  INFO -- : App Start
I, [2021-06-21T00:19:46.299366 #97555]  INFO -- : Version: 0.2.7
I, [2021-06-21T00:19:46.299400 #97555]  INFO -- : Ruby Version: 3.0.1
I, [2021-06-21T00:19:46.299425 #97555]  INFO -- : Msg handler: default
I, [2021-06-21T00:19:46.299444 #97555]  INFO -- : Encoding: 
I, [2021-06-21T00:19:46.299468 #97555]  INFO -- :   Script => UTF-8
I, [2021-06-21T00:19:46.299493 #97555]  INFO -- :   Locale => UTF-8
I, [2021-06-21T00:19:46.299529 #97555]  INFO -- :   Filesystem => UTF-8
I, [2021-06-21T00:19:46.299653 #97555]  INFO -- :   Default external => UTF-8
I, [2021-06-21T00:19:46.299678 #97555]  INFO -- :   Default internal => nil
I, [2021-06-21T00:50:36.299789 #97555]  INFO -- : App exit: 97555
I, [2021-06-21T00:55:13.810749 #20981]  INFO -- : App Start
I, [2021-06-21T00:55:13.811007 #20981]  INFO -- : Version: 0.2.7
I, [2021-06-21T00:55:13.811067 #20981]  INFO -- : Ruby Version: 3.0.1
I, [2021-06-21T00:55:13.811091 #20981]  INFO -- : Msg handler: default
I, [2021-06-21T00:55:13.811110 #20981]  INFO -- : Encoding: 
I, [2021-06-21T00:55:13.811137 #20981]  INFO -- :   Script => UTF-8
I, [2021-06-21T00:55:13.811173 #20981]  INFO -- :   Locale => UTF-8
I, [2021-06-21T00:55:13.811201 #20981]  INFO -- :   Filesystem => UTF-8
I, [2021-06-21T00:55:13.811228 #20981]  INFO -- :   Default external => UTF-8
I, [2021-06-21T00:55:13.811254 #20981]  INFO -- :   Default internal => nil
I, [2021-06-21T00:58:38.849163 #20981]  INFO -- : App exit: 20981
I, [2021-06-21T01:00:22.334963 #42067]  INFO -- : App Start
I, [2021-06-21T01:00:22.335396 #42067]  INFO -- : Version: 0.2.7
I, [2021-06-21T01:00:22.335457 #42067]  INFO -- : Ruby Version: 3.0.1
I, [2021-06-21T01:00:22.335485 #42067]  INFO -- : Msg handler: default
I, [2021-06-21T01:00:22.335507 #42067]  INFO -- : Encoding: 
I, [2021-06-21T01:00:22.335553 #42067]  INFO -- :   Script => UTF-8
I, [2021-06-21T01:00:22.335623 #42067]  INFO -- :   Locale => UTF-8
I, [2021-06-21T01:00:22.335668 #42067]  INFO -- :   Filesystem => UTF-8
I, [2021-06-21T01:00:22.335742 #42067]  INFO -- :   Default external => UTF-8
I, [2021-06-21T01:00:22.335812 #42067]  INFO -- :   Default internal => nil
I, [2021-06-21T01:17:03.425327 #42067]  INFO -- : App exit: 42067
I, [2021-06-21T09:08:47.301258 #21026]  INFO -- : App Start
I, [2021-06-21T09:08:47.301413 #21026]  INFO -- : Version: 0.2.7
I, [2021-06-21T09:08:47.301440 #21026]  INFO -- : Ruby Version: 3.0.1
I, [2021-06-21T09:08:47.301455 #21026]  INFO -- : Msg handler: default
I, [2021-06-21T09:08:47.301473 #21026]  INFO -- : Encoding: 
I, [2021-06-21T09:08:47.301494 #21026]  INFO -- :   Script => UTF-8
I, [2021-06-21T09:08:47.301517 #21026]  INFO -- :   Locale => UTF-8
I, [2021-06-21T09:08:47.301540 #21026]  INFO -- :   Filesystem => UTF-8
I, [2021-06-21T09:08:47.301557 #21026]  INFO -- :   Default external => UTF-8
I, [2021-06-21T09:08:47.301575 #21026]  INFO -- :   Default internal => nil
I, [2021-06-21T12:09:32.654361 #21026]  INFO -- : App exit: 21026
I, [2021-06-21T14:31:37.987525 #6032]  INFO -- : App Start
I, [2021-06-21T14:31:37.987718 #6032]  INFO -- : Version: 0.2.7
I, [2021-06-21T14:31:37.987752 #6032]  INFO -- : Ruby Version: 3.0.1
I, [2021-06-21T14:31:37.987782 #6032]  INFO -- : Msg handler: default
I, [2021-06-21T14:31:37.987810 #6032]  INFO -- : Encoding: 
I, [2021-06-21T14:31:37.987837 #6032]  INFO -- :   Script => UTF-8
I, [2021-06-21T14:31:37.987859 #6032]  INFO -- :   Locale => UTF-8
I, [2021-06-21T14:31:37.987897 #6032]  INFO -- :   Filesystem => UTF-8
I, [2021-06-21T14:31:37.987925 #6032]  INFO -- :   Default external => UTF-8
I, [2021-06-21T14:31:37.987941 #6032]  INFO -- :   Default internal => nil
I, [2021-06-21T15:08:41.490132 #6032]  INFO -- : App exit: 6032
I, [2021-06-21T15:09:27.170798 #175795]  INFO -- : App Start
I, [2021-06-21T15:09:27.171129 #175795]  INFO -- : Version: 0.2.7
I, [2021-06-21T15:09:27.171359 #175795]  INFO -- : Ruby Version: 3.0.1
I, [2021-06-21T15:09:27.171662 #175795]  INFO -- : Msg handler: default
I, [2021-06-21T15:09:27.171872 #175795]  INFO -- : Encoding: 
I, [2021-06-21T15:09:27.171904 #175795]  INFO -- :   Script => UTF-8
I, [2021-06-21T15:09:27.171930 #175795]  INFO -- :   Locale => UTF-8
I, [2021-06-21T15:09:27.171953 #175795]  INFO -- :   Filesystem => UTF-8
I, [2021-06-21T15:09:27.171976 #175795]  INFO -- :   Default external => UTF-8
I, [2021-06-21T15:09:27.171997 #175795]  INFO -- :   Default internal => nil
I, [2021-06-21T16:51:08.257203 #175795]  INFO -- : App exit: 175795
I, [2021-06-21T17:45:39.680132 #808665]  INFO -- : App Start
I, [2021-06-21T17:45:39.680321 #808665]  INFO -- : Version: 0.2.7
I, [2021-06-21T17:45:39.680387 #808665]  INFO -- : Ruby Version: 3.0.1
I, [2021-06-21T17:45:39.680423 #808665]  INFO -- : Msg handler: default
I, [2021-06-21T17:45:39.680465 #808665]  INFO -- : Encoding: 
I, [2021-06-21T17:45:39.680499 #808665]  INFO -- :   Script => UTF-8
I, [2021-06-21T17:45:39.680541 #808665]  INFO -- :   Locale => UTF-8
I, [2021-06-21T17:45:39.680578 #808665]  INFO -- :   Filesystem => UTF-8
I, [2021-06-21T17:45:39.680707 #808665]  INFO -- :   Default external => UTF-8
I, [2021-06-21T17:45:39.680756 #808665]  INFO -- :   Default internal => nil
I, [2021-06-21T22:59:39.161416 #808665]  INFO -- : App exit: 808665
I, [2021-06-21T22:59:55.094403 #2031583]  INFO -- : App Start
I, [2021-06-21T22:59:55.094482 #2031583]  INFO -- : Version: 0.2.7
I, [2021-06-21T22:59:55.094512 #2031583]  INFO -- : Ruby Version: 3.0.1
I, [2021-06-21T22:59:55.094532 #2031583]  INFO -- : Msg handler: default
I, [2021-06-21T22:59:55.094550 #2031583]  INFO -- : Encoding: 
I, [2021-06-21T22:59:55.094570 #2031583]  INFO -- :   Script => UTF-8
I, [2021-06-21T22:59:55.094590 #2031583]  INFO -- :   Locale => UTF-8
I, [2021-06-21T22:59:55.094609 #2031583]  INFO -- :   Filesystem => UTF-8
I, [2021-06-21T22:59:55.094628 #2031583]  INFO -- :   Default external => UTF-8
I, [2021-06-21T22:59:55.094647 #2031583]  INFO -- :   Default internal => nil
I, [2021-06-21T23:29:09.288550 #2031583]  INFO -- : App exit: 2031583
I, [2021-06-22T09:05:45.767008 #5627]  INFO -- : App Start
I, [2021-06-22T09:05:45.767252 #5627]  INFO -- : Version: 0.2.7
I, [2021-06-22T09:05:45.767276 #5627]  INFO -- : Ruby Version: 3.0.1
I, [2021-06-22T09:05:45.767290 #5627]  INFO -- : Msg handler: default
I, [2021-06-22T09:05:45.767301 #5627]  INFO -- : Encoding: 
I, [2021-06-22T09:05:45.767314 #5627]  INFO -- :   Script => UTF-8
I, [2021-06-22T09:05:45.767327 #5627]  INFO -- :   Locale => UTF-8
I, [2021-06-22T09:05:45.767339 #5627]  INFO -- :   Filesystem => UTF-8
I, [2021-06-22T09:05:45.767351 #5627]  INFO -- :   Default external => UTF-8
I, [2021-06-22T09:05:45.767362 #5627]  INFO -- :   Default internal => nil
I, [2021-06-22T14:12:49.921194 #5627]  INFO -- : App exit: 5627
I, [2021-06-22T14:35:43.362237 #1468289]  INFO -- : App Start
I, [2021-06-22T14:35:43.362354 #1468289]  INFO -- : Version: 0.2.7
I, [2021-06-22T14:35:43.362387 #1468289]  INFO -- : Ruby Version: 3.0.1
I, [2021-06-22T14:35:43.362414 #1468289]  INFO -- : Msg handler: default
I, [2021-06-22T14:35:43.362437 #1468289]  INFO -- : Encoding: 
I, [2021-06-22T14:35:43.362463 #1468289]  INFO -- :   Script => UTF-8
I, [2021-06-22T14:35:43.362506 #1468289]  INFO -- :   Locale => UTF-8
I, [2021-06-22T14:35:43.362535 #1468289]  INFO -- :   Filesystem => UTF-8
I, [2021-06-22T14:35:43.362578 #1468289]  INFO -- :   Default external => UTF-8
I, [2021-06-22T14:35:43.362611 #1468289]  INFO -- :   Default internal => nil
I, [2021-06-22T19:27:24.266338 #1468289]  INFO -- : App exit: 1468289
I, [2021-06-22T19:27:30.047973 #2241222]  INFO -- : App Start
I, [2021-06-22T19:27:30.048187 #2241222]  INFO -- : Version: 0.2.7
I, [2021-06-22T19:27:30.048259 #2241222]  INFO -- : Ruby Version: 3.0.1
I, [2021-06-22T19:27:30.048318 #2241222]  INFO -- : Msg handler: default
I, [2021-06-22T19:27:30.048351 #2241222]  INFO -- : Encoding: 
I, [2021-06-22T19:27:30.048394 #2241222]  INFO -- :   Script => UTF-8
I, [2021-06-22T19:27:30.048439 #2241222]  INFO -- :   Locale => UTF-8
I, [2021-06-22T19:27:30.048495 #2241222]  INFO -- :   Filesystem => UTF-8
I, [2021-06-22T19:27:30.048540 #2241222]  INFO -- :   Default external => UTF-8
I, [2021-06-22T19:27:30.048591 #2241222]  INFO -- :   Default internal => nil
I, [2021-06-22T19:28:18.035922 #2241222]  INFO -- : App exit: 2241222
I, [2021-06-22T19:28:23.495443 #2245019]  INFO -- : App Start
I, [2021-06-22T19:28:23.495511 #2245019]  INFO -- : Version: 0.2.7
I, [2021-06-22T19:28:23.495530 #2245019]  INFO -- : Ruby Version: 3.0.1
I, [2021-06-22T19:28:23.495543 #2245019]  INFO -- : Msg handler: default
I, [2021-06-22T19:28:23.495555 #2245019]  INFO -- : Encoding: 
I, [2021-06-22T19:28:23.495569 #2245019]  INFO -- :   Script => UTF-8
I, [2021-06-22T19:28:23.495582 #2245019]  INFO -- :   Locale => UTF-8
I, [2021-06-22T19:28:23.495594 #2245019]  INFO -- :   Filesystem => UTF-8
I, [2021-06-22T19:28:23.495605 #2245019]  INFO -- :   Default external => UTF-8
I, [2021-06-22T19:28:23.495617 #2245019]  INFO -- :   Default internal => nil
I, [2021-06-22T23:36:30.969058 #2245019]  INFO -- : App exit: 2245019
I, [2021-06-23T09:28:49.445375 #30928]  INFO -- : App Start
I, [2021-06-23T09:28:49.445784 #30928]  INFO -- : Version: 0.2.7
I, [2021-06-23T09:28:49.445884 #30928]  INFO -- : Ruby Version: 3.0.1
I, [2021-06-23T09:28:49.445911 #30928]  INFO -- : Msg handler: default
I, [2021-06-23T09:28:49.445933 #30928]  INFO -- : Encoding: 
I, [2021-06-23T09:28:49.445958 #30928]  INFO -- :   Script => UTF-8
I, [2021-06-23T09:28:49.446004 #30928]  INFO -- :   Locale => UTF-8
I, [2021-06-23T09:28:49.446028 #30928]  INFO -- :   Filesystem => UTF-8
I, [2021-06-23T09:28:49.446056 #30928]  INFO -- :   Default external => UTF-8
I, [2021-06-23T09:28:49.446083 #30928]  INFO -- :   Default internal => nil
I, [2021-06-23T12:35:33.118325 #30928]  INFO -- : App exit: 30928
I, [2021-06-23T13:50:07.892435 #189049]  INFO -- : App Start
I, [2021-06-23T13:50:07.892976 #189049]  INFO -- : Version: 0.2.7
I, [2021-06-23T13:50:07.893141 #189049]  INFO -- : Ruby Version: 3.0.1
I, [2021-06-23T13:50:07.893189 #189049]  INFO -- : Msg handler: default
I, [2021-06-23T13:50:07.893215 #189049]  INFO -- : Encoding: 
I, [2021-06-23T13:50:07.893248 #189049]  INFO -- :   Script => UTF-8
I, [2021-06-23T13:50:07.893279 #189049]  INFO -- :   Locale => UTF-8
I, [2021-06-23T13:50:07.893304 #189049]  INFO -- :   Filesystem => UTF-8
I, [2021-06-23T13:50:07.893327 #189049]  INFO -- :   Default external => UTF-8
I, [2021-06-23T13:50:07.893350 #189049]  INFO -- :   Default internal => nil
I, [2021-06-23T14:12:21.252093 #189049]  INFO -- : App exit: 189049
I, [2021-06-23T14:12:26.024970 #289892]  INFO -- : App Start
I, [2021-06-23T14:12:26.025049 #289892]  INFO -- : Version: 0.2.7
I, [2021-06-23T14:12:26.025080 #289892]  INFO -- : Ruby Version: 3.0.1
I, [2021-06-23T14:12:26.025101 #289892]  INFO -- : Msg handler: default
I, [2021-06-23T14:12:26.025120 #289892]  INFO -- : Encoding: 
I, [2021-06-23T14:12:26.025144 #289892]  INFO -- :   Script => UTF-8
I, [2021-06-23T14:12:26.025166 #289892]  INFO -- :   Locale => UTF-8
I, [2021-06-23T14:12:26.025184 #289892]  INFO -- :   Filesystem => UTF-8
I, [2021-06-23T14:12:26.025203 #289892]  INFO -- :   Default external => UTF-8
I, [2021-06-23T14:12:26.025221 #289892]  INFO -- :   Default internal => nil
I, [2021-06-23T14:26:52.841692 #289892]  INFO -- : App exit: 289892
I, [2021-06-23T14:28:32.662410 #361825]  INFO -- : App Start
I, [2021-06-23T14:28:32.662488 #361825]  INFO -- : Version: 0.2.7
I, [2021-06-23T14:28:32.662511 #361825]  INFO -- : Ruby Version: 3.0.1
I, [2021-06-23T14:28:32.662548 #361825]  INFO -- : Msg handler: default
I, [2021-06-23T14:28:32.662567 #361825]  INFO -- : Encoding: 
I, [2021-06-23T14:28:32.662591 #361825]  INFO -- :   Script => UTF-8
I, [2021-06-23T14:28:32.662610 #361825]  INFO -- :   Locale => UTF-8
I, [2021-06-23T14:28:32.662627 #361825]  INFO -- :   Filesystem => UTF-8
I, [2021-06-23T14:28:32.662645 #361825]  INFO -- :   Default external => UTF-8
I, [2021-06-23T14:28:32.662662 #361825]  INFO -- :   Default internal => nil
I, [2021-06-23T15:17:30.429152 #361825]  INFO -- : App exit: 361825
I, [2021-06-23T15:18:43.591102 #4155]  INFO -- : App Start
I, [2021-06-23T15:18:43.591557 #4155]  INFO -- : Version: 0.2.7
I, [2021-06-23T15:18:43.591587 #4155]  INFO -- : Ruby Version: 3.0.1
I, [2021-06-23T15:18:43.591601 #4155]  INFO -- : Msg handler: default
I, [2021-06-23T15:18:43.591623 #4155]  INFO -- : Encoding: 
I, [2021-06-23T15:18:43.591636 #4155]  INFO -- :   Script => UTF-8
I, [2021-06-23T15:18:43.591649 #4155]  INFO -- :   Locale => UTF-8
I, [2021-06-23T15:18:43.591660 #4155]  INFO -- :   Filesystem => UTF-8
I, [2021-06-23T15:18:43.591672 #4155]  INFO -- :   Default external => UTF-8
I, [2021-06-23T15:18:43.591683 #4155]  INFO -- :   Default internal => nil
I, [2021-06-23T16:15:49.888169 #4155]  INFO -- : App exit: 4155
I, [2021-06-23T16:16:45.096918 #6170]  INFO -- : App Start
I, [2021-06-23T16:16:45.097355 #6170]  INFO -- : Version: 0.2.7
I, [2021-06-23T16:16:45.097456 #6170]  INFO -- : Ruby Version: 3.0.1
I, [2021-06-23T16:16:45.097498 #6170]  INFO -- : Msg handler: default
I, [2021-06-23T16:16:45.097535 #6170]  INFO -- : Encoding: 
I, [2021-06-23T16:16:45.097572 #6170]  INFO -- :   Script => UTF-8
I, [2021-06-23T16:16:45.097618 #6170]  INFO -- :   Locale => UTF-8
I, [2021-06-23T16:16:45.097662 #6170]  INFO -- :   Filesystem => UTF-8
I, [2021-06-23T16:16:45.097716 #6170]  INFO -- :   Default external => UTF-8
I, [2021-06-23T16:16:45.097758 #6170]  INFO -- :   Default internal => nil
I, [2021-06-23T16:28:23.642096 #6170]  INFO -- : App exit: 6170
I, [2021-06-23T16:29:40.856622 #8272]  INFO -- : App Start
I, [2021-06-23T16:29:40.862018 #8272]  INFO -- : Version: 0.2.7
I, [2021-06-23T16:29:40.862231 #8272]  INFO -- : Ruby Version: 3.0.1
I, [2021-06-23T16:29:40.862691 #8272]  INFO -- : Msg handler: default
I, [2021-06-23T16:29:40.862851 #8272]  INFO -- : Encoding: 
I, [2021-06-23T16:29:40.862891 #8272]  INFO -- :   Script => UTF-8
I, [2021-06-23T16:29:40.862941 #8272]  INFO -- :   Locale => UTF-8
I, [2021-06-23T16:29:40.862992 #8272]  INFO -- :   Filesystem => UTF-8
I, [2021-06-23T16:29:40.863033 #8272]  INFO -- :   Default external => UTF-8
I, [2021-06-23T16:29:40.863397 #8272]  INFO -- :   Default internal => nil
I, [2021-06-23T16:36:46.539082 #8272]  INFO -- : App exit: 8272
I, [2021-06-23T16:36:51.383075 #43959]  INFO -- : App Start
I, [2021-06-23T16:36:51.383211 #43959]  INFO -- : Version: 0.2.7
I, [2021-06-23T16:36:51.383254 #43959]  INFO -- : Ruby Version: 3.0.1
I, [2021-06-23T16:36:51.383287 #43959]  INFO -- : Msg handler: default
I, [2021-06-23T16:36:51.383328 #43959]  INFO -- : Encoding: 
I, [2021-06-23T16:36:51.383359 #43959]  INFO -- :   Script => UTF-8
I, [2021-06-23T16:36:51.383384 #43959]  INFO -- :   Locale => UTF-8
I, [2021-06-23T16:36:51.383408 #43959]  INFO -- :   Filesystem => UTF-8
I, [2021-06-23T16:36:51.383429 #43959]  INFO -- :   Default external => UTF-8
I, [2021-06-23T16:36:51.383448 #43959]  INFO -- :   Default internal => nil
I, [2021-06-23T17:53:25.238856 #43959]  INFO -- : App exit: 43959
I, [2021-06-23T19:02:37.347949 #58808]  INFO -- : App Start
I, [2021-06-23T19:02:37.349865 #58808]  INFO -- : Version: 0.2.7
I, [2021-06-23T19:02:37.350082 #58808]  INFO -- : Ruby Version: 3.0.1
I, [2021-06-23T19:02:37.350248 #58808]  INFO -- : Msg handler: default
I, [2021-06-23T19:02:37.350326 #58808]  INFO -- : Encoding: 
I, [2021-06-23T19:02:37.350586 #58808]  INFO -- :   Script => UTF-8
I, [2021-06-23T19:02:37.350656 #58808]  INFO -- :   Locale => UTF-8
I, [2021-06-23T19:02:37.350779 #58808]  INFO -- :   Filesystem => UTF-8
I, [2021-06-23T19:02:37.350865 #58808]  INFO -- :   Default external => UTF-8
I, [2021-06-23T19:02:37.350901 #58808]  INFO -- :   Default internal => nil
I, [2021-06-23T19:09:33.069920 #58808]  INFO -- : App exit: 58808
I, [2021-06-23T19:11:00.706021 #98839]  INFO -- : App Start
I, [2021-06-23T19:11:00.706096 #98839]  INFO -- : Version: 0.2.7
I, [2021-06-23T19:11:00.706118 #98839]  INFO -- : Ruby Version: 3.0.1
I, [2021-06-23T19:11:00.706136 #98839]  INFO -- : Msg handler: default
I, [2021-06-23T19:11:00.706152 #98839]  INFO -- : Encoding: 
I, [2021-06-23T19:11:00.706169 #98839]  INFO -- :   Script => UTF-8
I, [2021-06-23T19:11:00.706188 #98839]  INFO -- :   Locale => UTF-8
I, [2021-06-23T19:11:00.706204 #98839]  INFO -- :   Filesystem => UTF-8
I, [2021-06-23T19:11:00.706221 #98839]  INFO -- :   Default external => UTF-8
I, [2021-06-23T19:11:00.706237 #98839]  INFO -- :   Default internal => nil
I, [2021-06-23T19:42:55.874304 #98839]  INFO -- : App exit: 98839
I, [2021-06-23T19:47:17.347659 #22277]  INFO -- : App Start
I, [2021-06-23T19:47:17.347972 #22277]  INFO -- : Version: 0.2.7
I, [2021-06-23T19:47:17.348026 #22277]  INFO -- : Ruby Version: 3.0.1
I, [2021-06-23T19:47:17.348050 #22277]  INFO -- : Msg handler: default
I, [2021-06-23T19:47:17.348069 #22277]  INFO -- : Encoding: 
I, [2021-06-23T19:47:17.348093 #22277]  INFO -- :   Script => UTF-8
I, [2021-06-23T19:47:17.348117 #22277]  INFO -- :   Locale => UTF-8
I, [2021-06-23T19:47:17.348138 #22277]  INFO -- :   Filesystem => UTF-8
I, [2021-06-23T19:47:17.348164 #22277]  INFO -- :   Default external => UTF-8
I, [2021-06-23T19:47:17.348184 #22277]  INFO -- :   Default internal => nil
I, [2021-06-23T19:47:24.543120 #22277]  INFO -- : App exit: 22277
I, [2021-06-23T19:47:42.133948 #24239]  INFO -- : App Start
I, [2021-06-23T19:47:42.134024 #24239]  INFO -- : Version: 0.2.7
I, [2021-06-23T19:47:42.134049 #24239]  INFO -- : Ruby Version: 3.0.1
I, [2021-06-23T19:47:42.134070 #24239]  INFO -- : Msg handler: default
I, [2021-06-23T19:47:42.134088 #24239]  INFO -- : Encoding: 
I, [2021-06-23T19:47:42.134108 #24239]  INFO -- :   Script => UTF-8
I, [2021-06-23T19:47:42.134130 #24239]  INFO -- :   Locale => UTF-8
I, [2021-06-23T19:47:42.134150 #24239]  INFO -- :   Filesystem => UTF-8
I, [2021-06-23T19:47:42.134170 #24239]  INFO -- :   Default external => UTF-8
I, [2021-06-23T19:47:42.134188 #24239]  INFO -- :   Default internal => nil
I, [2021-06-23T23:29:23.547561 #24239]  INFO -- : App exit: 24239
I, [2021-06-24T11:24:29.030500 #7858]  INFO -- : App Start
I, [2021-06-24T11:24:29.030889 #7858]  INFO -- : Version: 0.2.7
I, [2021-06-24T11:24:29.030962 #7858]  INFO -- : Ruby Version: 3.0.1
I, [2021-06-24T11:24:29.030989 #7858]  INFO -- : Msg handler: default
I, [2021-06-24T11:24:29.031008 #7858]  INFO -- : Encoding: 
I, [2021-06-24T11:24:29.031030 #7858]  INFO -- :   Script => UTF-8
I, [2021-06-24T11:24:29.031051 #7858]  INFO -- :   Locale => UTF-8
I, [2021-06-24T11:24:29.031072 #7858]  INFO -- :   Filesystem => UTF-8
I, [2021-06-24T11:24:29.031091 #7858]  INFO -- :   Default external => UTF-8
I, [2021-06-24T11:24:29.031111 #7858]  INFO -- :   Default internal => nil
I, [2021-06-24T13:52:11.131897 #7858]  INFO -- : App exit: 7858
I, [2021-06-24T13:53:49.487786 #629164]  INFO -- : App Start
I, [2021-06-24T13:53:49.487939 #629164]  INFO -- : Version: 0.2.7
I, [2021-06-24T13:53:49.487975 #629164]  INFO -- : Ruby Version: 3.0.1
I, [2021-06-24T13:53:49.487996 #629164]  INFO -- : Msg handler: default
I, [2021-06-24T13:53:49.488028 #629164]  INFO -- : Encoding: 
I, [2021-06-24T13:53:49.488048 #629164]  INFO -- :   Script => UTF-8
I, [2021-06-24T13:53:49.488070 #629164]  INFO -- :   Locale => UTF-8
I, [2021-06-24T13:53:49.488090 #629164]  INFO -- :   Filesystem => UTF-8
I, [2021-06-24T13:53:49.488110 #629164]  INFO -- :   Default external => UTF-8
I, [2021-06-24T13:53:49.488131 #629164]  INFO -- :   Default internal => nil
I, [2021-06-24T16:14:31.774176 #629164]  INFO -- : App exit: 629164
I, [2021-06-24T16:14:41.604388 #962375]  INFO -- : App Start
I, [2021-06-24T16:14:41.604462 #962375]  INFO -- : Version: 0.2.7
I, [2021-06-24T16:14:41.604502 #962375]  INFO -- : Ruby Version: 3.0.1
I, [2021-06-24T16:14:41.604528 #962375]  INFO -- : Msg handler: default
I, [2021-06-24T16:14:41.604545 #962375]  INFO -- : Encoding: 
I, [2021-06-24T16:14:41.604565 #962375]  INFO -- :   Script => UTF-8
I, [2021-06-24T16:14:41.604586 #962375]  INFO -- :   Locale => UTF-8
I, [2021-06-24T16:14:41.604604 #962375]  INFO -- :   Filesystem => UTF-8
I, [2021-06-24T16:14:41.604623 #962375]  INFO -- :   Default external => UTF-8
I, [2021-06-24T16:14:41.604640 #962375]  INFO -- :   Default internal => nil
I, [2021-06-24T23:15:04.387090 #161013]  INFO -- : App Start
I, [2021-06-24T23:15:04.387226 #161013]  INFO -- : Version: 0.2.7
I, [2021-06-24T23:15:04.387242 #161013]  INFO -- : Ruby Version: 3.0.1
I, [2021-06-24T23:15:04.387253 #161013]  INFO -- : Msg handler: default
I, [2021-06-24T23:15:04.387261 #161013]  INFO -- : Encoding: 
I, [2021-06-24T23:15:04.387271 #161013]  INFO -- :   Script => UTF-8
I, [2021-06-24T23:15:04.387282 #161013]  INFO -- :   Locale => UTF-8
I, [2021-06-24T23:15:04.387291 #161013]  INFO -- :   Filesystem => UTF-8
I, [2021-06-24T23:15:04.387301 #161013]  INFO -- :   Default external => UTF-8
I, [2021-06-24T23:15:04.387310 #161013]  INFO -- :   Default internal => nil
I, [2021-06-24T23:21:44.574200 #161013]  INFO -- : App exit: 161013
I, [2021-06-24T23:23:41.490521 #11033]  INFO -- : App Start
I, [2021-06-24T23:23:41.490642 #11033]  INFO -- : Version: 0.2.7
I, [2021-06-24T23:23:41.490660 #11033]  INFO -- : Ruby Version: 3.0.1
I, [2021-06-24T23:23:41.490671 #11033]  INFO -- : Msg handler: default
I, [2021-06-24T23:23:41.490681 #11033]  INFO -- : Encoding: 
I, [2021-06-24T23:23:41.490692 #11033]  INFO -- :   Script => UTF-8
I, [2021-06-24T23:23:41.490703 #11033]  INFO -- :   Locale => UTF-8
I, [2021-06-24T23:23:41.490714 #11033]  INFO -- :   Filesystem => UTF-8
I, [2021-06-24T23:23:41.490724 #11033]  INFO -- :   Default external => UTF-8
I, [2021-06-24T23:23:41.490733 #11033]  INFO -- :   Default internal => nil
I, [2021-06-24T23:27:50.241883 #11033]  INFO -- : App exit: 11033
I, [2021-06-24T23:30:33.422548 #14442]  INFO -- : App Start
I, [2021-06-24T23:30:33.423187 #14442]  INFO -- : Version: 0.2.7
I, [2021-06-24T23:30:33.423241 #14442]  INFO -- : Ruby Version: 3.0.1
I, [2021-06-24T23:30:33.423271 #14442]  INFO -- : Msg handler: default
I, [2021-06-24T23:30:33.423294 #14442]  INFO -- : Encoding: 
I, [2021-06-24T23:30:33.423320 #14442]  INFO -- :   Script => UTF-8
I, [2021-06-24T23:30:33.423348 #14442]  INFO -- :   Locale => UTF-8
I, [2021-06-24T23:30:33.423372 #14442]  INFO -- :   Filesystem => UTF-8
I, [2021-06-24T23:30:33.423396 #14442]  INFO -- :   Default external => UTF-8
I, [2021-06-24T23:30:33.423419 #14442]  INFO -- :   Default internal => nil
I, [2021-06-24T23:31:16.041191 #14442]  INFO -- : App exit: 14442
I, [2021-06-24T23:37:05.475916 #45418]  INFO -- : App Start
I, [2021-06-24T23:37:05.476099 #45418]  INFO -- : Version: 0.2.7
I, [2021-06-24T23:37:05.476169 #45418]  INFO -- : Ruby Version: 3.0.1
I, [2021-06-24T23:37:05.476200 #45418]  INFO -- : Msg handler: default
I, [2021-06-24T23:37:05.476221 #45418]  INFO -- : Encoding: 
I, [2021-06-24T23:37:05.476245 #45418]  INFO -- :   Script => UTF-8
I, [2021-06-24T23:37:05.476288 #45418]  INFO -- :   Locale => UTF-8
I, [2021-06-24T23:37:05.476313 #45418]  INFO -- :   Filesystem => UTF-8
I, [2021-06-24T23:37:05.476338 #45418]  INFO -- :   Default external => UTF-8
I, [2021-06-24T23:37:05.476362 #45418]  INFO -- :   Default internal => nil
I, [2021-06-24T23:37:24.945607 #45418]  INFO -- : App exit: 45418
I, [2021-06-24T23:45:43.090060 #88345]  INFO -- : App Start
I, [2021-06-24T23:45:43.090135 #88345]  INFO -- : Version: 0.2.7
I, [2021-06-24T23:45:43.090159 #88345]  INFO -- : Ruby Version: 3.0.1
I, [2021-06-24T23:45:43.090177 #88345]  INFO -- : Msg handler: default
I, [2021-06-24T23:45:43.090192 #88345]  INFO -- : Encoding: 
I, [2021-06-24T23:45:43.090210 #88345]  INFO -- :   Script => UTF-8
I, [2021-06-24T23:45:43.090228 #88345]  INFO -- :   Locale => UTF-8
I, [2021-06-24T23:45:43.090258 #88345]  INFO -- :   Filesystem => UTF-8
I, [2021-06-24T23:45:43.090278 #88345]  INFO -- :   Default external => UTF-8
I, [2021-06-24T23:45:43.090296 #88345]  INFO -- :   Default internal => nil
I, [2021-06-24T23:45:59.616938 #88345]  INFO -- : App exit: 88345
I, [2021-06-24T23:46:14.880797 #91901]  INFO -- : App Start
I, [2021-06-24T23:46:14.880941 #91901]  INFO -- : Version: 0.2.7
I, [2021-06-24T23:46:14.880972 #91901]  INFO -- : Ruby Version: 3.0.1
I, [2021-06-24T23:46:14.880995 #91901]  INFO -- : Msg handler: default
I, [2021-06-24T23:46:14.881014 #91901]  INFO -- : Encoding: 
I, [2021-06-24T23:46:14.881034 #91901]  INFO -- :   Script => UTF-8
I, [2021-06-24T23:46:14.881055 #91901]  INFO -- :   Locale => UTF-8
I, [2021-06-24T23:46:14.881074 #91901]  INFO -- :   Filesystem => UTF-8
I, [2021-06-24T23:46:14.881095 #91901]  INFO -- :   Default external => UTF-8
I, [2021-06-24T23:46:14.881125 #91901]  INFO -- :   Default internal => nil
I, [2021-06-24T23:47:51.345319 #91901]  INFO -- : App exit: 91901
I, [2021-06-24T23:48:33.617000 #102513]  INFO -- : App Start
I, [2021-06-24T23:48:33.617057 #102513]  INFO -- : Version: 0.2.7
I, [2021-06-24T23:48:33.617075 #102513]  INFO -- : Ruby Version: 3.0.1
I, [2021-06-24T23:48:33.617087 #102513]  INFO -- : Msg handler: default
I, [2021-06-24T23:48:33.617098 #102513]  INFO -- : Encoding: 
I, [2021-06-24T23:48:33.617111 #102513]  INFO -- :   Script => UTF-8
I, [2021-06-24T23:48:33.617123 #102513]  INFO -- :   Locale => UTF-8
I, [2021-06-24T23:48:33.617135 #102513]  INFO -- :   Filesystem => UTF-8
I, [2021-06-24T23:48:33.617147 #102513]  INFO -- :   Default external => UTF-8
I, [2021-06-24T23:48:33.617159 #102513]  INFO -- :   Default internal => nil
I, [2021-06-25T00:05:54.716325 #102513]  INFO -- : App exit: 102513
I, [2021-06-25T00:22:26.185502 #12758]  INFO -- : App Start
I, [2021-06-25T00:22:26.185581 #12758]  INFO -- : Version: 0.2.7
I, [2021-06-25T00:22:26.185607 #12758]  INFO -- : Ruby Version: 3.0.1
I, [2021-06-25T00:22:26.185629 #12758]  INFO -- : Msg handler: default
I, [2021-06-25T00:22:26.185648 #12758]  INFO -- : Encoding: 
I, [2021-06-25T00:22:26.185670 #12758]  INFO -- :   Script => UTF-8
I, [2021-06-25T00:22:26.185692 #12758]  INFO -- :   Locale => UTF-8
I, [2021-06-25T00:22:26.185713 #12758]  INFO -- :   Filesystem => UTF-8
I, [2021-06-25T00:22:26.185733 #12758]  INFO -- :   Default external => UTF-8
I, [2021-06-25T00:22:26.185753 #12758]  INFO -- :   Default internal => nil
I, [2021-06-25T00:22:59.914047 #12758]  INFO -- : App exit: 12758
I, [2021-06-25T00:24:14.207702 #21396]  INFO -- : App Start
I, [2021-06-25T00:24:14.207764 #21396]  INFO -- : Version: 0.2.7
I, [2021-06-25T00:24:14.207784 #21396]  INFO -- : Ruby Version: 3.0.1
I, [2021-06-25T00:24:14.207801 #21396]  INFO -- : Msg handler: default
I, [2021-06-25T00:24:14.207815 #21396]  INFO -- : Encoding: 
I, [2021-06-25T00:24:14.207831 #21396]  INFO -- :   Script => UTF-8
I, [2021-06-25T00:24:14.207848 #21396]  INFO -- :   Locale => UTF-8
I, [2021-06-25T00:24:14.207863 #21396]  INFO -- :   Filesystem => UTF-8
I, [2021-06-25T00:24:14.207879 #21396]  INFO -- :   Default external => UTF-8
I, [2021-06-25T00:24:14.207894 #21396]  INFO -- :   Default internal => nil
I, [2021-06-25T00:25:37.131766 #21396]  INFO -- : App exit: 21396
I, [2021-06-25T00:28:12.478801 #39256]  INFO -- : App Start
I, [2021-06-25T00:28:12.478855 #39256]  INFO -- : Version: 0.2.7
I, [2021-06-25T00:28:12.478872 #39256]  INFO -- : Ruby Version: 3.0.1
I, [2021-06-25T00:28:12.478885 #39256]  INFO -- : Msg handler: default
I, [2021-06-25T00:28:12.478896 #39256]  INFO -- : Encoding: 
I, [2021-06-25T00:28:12.478908 #39256]  INFO -- :   Script => UTF-8
I, [2021-06-25T00:28:12.478921 #39256]  INFO -- :   Locale => UTF-8
I, [2021-06-25T00:28:12.478933 #39256]  INFO -- :   Filesystem => UTF-8
I, [2021-06-25T00:28:12.478945 #39256]  INFO -- :   Default external => UTF-8
I, [2021-06-25T00:28:12.478956 #39256]  INFO -- :   Default internal => nil
I, [2021-06-25T00:29:00.441146 #39256]  INFO -- : App exit: 39256
I, [2021-06-25T00:30:42.633853 #52364]  INFO -- : App Start
I, [2021-06-25T00:30:42.633932 #52364]  INFO -- : Version: 0.2.7
I, [2021-06-25T00:30:42.633961 #52364]  INFO -- : Ruby Version: 3.0.1
I, [2021-06-25T00:30:42.633985 #52364]  INFO -- : Msg handler: default
I, [2021-06-25T00:30:42.634006 #52364]  INFO -- : Encoding: 
I, [2021-06-25T00:30:42.634031 #52364]  INFO -- :   Script => UTF-8
I, [2021-06-25T00:30:42.634057 #52364]  INFO -- :   Locale => UTF-8
I, [2021-06-25T00:30:42.634081 #52364]  INFO -- :   Filesystem => UTF-8
I, [2021-06-25T00:30:42.634104 #52364]  INFO -- :   Default external => UTF-8
I, [2021-06-25T00:30:42.634127 #52364]  INFO -- :   Default internal => nil
I, [2021-06-25T00:57:44.093119 #52364]  INFO -- : App exit: 52364
I, [2021-06-25T00:59:40.155711 #186014]  INFO -- : App Start
I, [2021-06-25T00:59:40.155772 #186014]  INFO -- : Version: 0.2.7
I, [2021-06-25T00:59:40.155792 #186014]  INFO -- : Ruby Version: 3.0.1
I, [2021-06-25T00:59:40.155804 #186014]  INFO -- : Msg handler: default
I, [2021-06-25T00:59:40.155813 #186014]  INFO -- : Encoding: 
I, [2021-06-25T00:59:40.155824 #186014]  INFO -- :   Script => UTF-8
I, [2021-06-25T00:59:40.155835 #186014]  INFO -- :   Locale => UTF-8
I, [2021-06-25T00:59:40.155845 #186014]  INFO -- :   Filesystem => UTF-8
I, [2021-06-25T00:59:40.155855 #186014]  INFO -- :   Default external => UTF-8
I, [2021-06-25T00:59:40.155865 #186014]  INFO -- :   Default internal => nil
I, [2021-06-25T01:03:15.845364 #186014]  INFO -- : App exit: 186014
I, [2021-06-25T05:48:36.718525 #9500]  INFO -- : App Start
I, [2021-06-25T05:48:36.718720 #9500]  INFO -- : Version: 0.2.7
I, [2021-06-25T05:48:36.718751 #9500]  INFO -- : Ruby Version: 3.0.1
I, [2021-06-25T05:48:36.718765 #9500]  INFO -- : Msg handler: default
I, [2021-06-25T05:48:36.718775 #9500]  INFO -- : Encoding: 
I, [2021-06-25T05:48:36.718787 #9500]  INFO -- :   Script => UTF-8
I, [2021-06-25T05:48:36.718799 #9500]  INFO -- :   Locale => UTF-8
I, [2021-06-25T05:48:36.718810 #9500]  INFO -- :   Filesystem => UTF-8
I, [2021-06-25T05:48:36.718821 #9500]  INFO -- :   Default external => UTF-8
I, [2021-06-25T05:48:36.718832 #9500]  INFO -- :   Default internal => nil
I, [2021-06-25T08:15:14.409327 #9500]  INFO -- : App exit: 9500
I, [2021-06-25T08:16:08.083584 #6273]  INFO -- : App Start
I, [2021-06-25T08:16:08.083713 #6273]  INFO -- : Version: 0.2.7
I, [2021-06-25T08:16:08.083737 #6273]  INFO -- : Ruby Version: 3.0.1
I, [2021-06-25T08:16:08.083752 #6273]  INFO -- : Msg handler: default
I, [2021-06-25T08:16:08.083762 #6273]  INFO -- : Encoding: 
I, [2021-06-25T08:16:08.083774 #6273]  INFO -- :   Script => UTF-8
I, [2021-06-25T08:16:08.083786 #6273]  INFO -- :   Locale => UTF-8
I, [2021-06-25T08:16:08.083797 #6273]  INFO -- :   Filesystem => UTF-8
I, [2021-06-25T08:16:08.083808 #6273]  INFO -- :   Default external => UTF-8
I, [2021-06-25T08:16:08.083818 #6273]  INFO -- :   Default internal => nil
I, [2021-06-25T08:16:08.310893 #6273]  INFO -- : App exit: 6273
I, [2021-06-25T08:16:11.139359 #6770]  INFO -- : App Start
I, [2021-06-25T08:16:11.139432 #6770]  INFO -- : Version: 0.2.7
I, [2021-06-25T08:16:11.139457 #6770]  INFO -- : Ruby Version: 3.0.1
I, [2021-06-25T08:16:11.139476 #6770]  INFO -- : Msg handler: default
I, [2021-06-25T08:16:11.139493 #6770]  INFO -- : Encoding: 
I, [2021-06-25T08:16:11.139513 #6770]  INFO -- :   Script => UTF-8
I, [2021-06-25T08:16:11.139533 #6770]  INFO -- :   Locale => UTF-8
I, [2021-06-25T08:16:11.139551 #6770]  INFO -- :   Filesystem => UTF-8
I, [2021-06-25T08:16:11.139570 #6770]  INFO -- :   Default external => UTF-8
I, [2021-06-25T08:16:11.139587 #6770]  INFO -- :   Default internal => nil
I, [2021-06-25T15:28:08.859529 #6770]  INFO -- : App exit: 6770
I, [2021-06-25T15:36:58.129706 #40035]  INFO -- : App Start
I, [2021-06-25T15:36:58.129828 #40035]  INFO -- : Version: 0.2.7
I, [2021-06-25T15:36:58.129848 #40035]  INFO -- : Ruby Version: 3.0.1
I, [2021-06-25T15:36:58.129860 #40035]  INFO -- : Msg handler: default
I, [2021-06-25T15:36:58.129871 #40035]  INFO -- : Encoding: 
I, [2021-06-25T15:36:58.129883 #40035]  INFO -- :   Script => UTF-8
I, [2021-06-25T15:36:58.129909 #40035]  INFO -- :   Locale => UTF-8
I, [2021-06-25T15:36:58.129928 #40035]  INFO -- :   Filesystem => UTF-8
I, [2021-06-25T15:36:58.129945 #40035]  INFO -- :   Default external => UTF-8
I, [2021-06-25T15:36:58.129963 #40035]  INFO -- :   Default internal => nil
I, [2021-06-25T16:32:47.596459 #40035]  INFO -- : App exit: 40035
I, [2021-06-25T16:42:39.184675 #49220]  INFO -- : App Start
I, [2021-06-25T16:42:39.184830 #49220]  INFO -- : Version: 0.2.7
I, [2021-06-25T16:42:39.184848 #49220]  INFO -- : Ruby Version: 3.0.1
I, [2021-06-25T16:42:39.184859 #49220]  INFO -- : Msg handler: default
I, [2021-06-25T16:42:39.184869 #49220]  INFO -- : Encoding: 
I, [2021-06-25T16:42:39.184880 #49220]  INFO -- :   Script => UTF-8
I, [2021-06-25T16:42:39.184891 #49220]  INFO -- :   Locale => UTF-8
I, [2021-06-25T16:42:39.184901 #49220]  INFO -- :   Filesystem => UTF-8
I, [2021-06-25T16:42:39.184911 #49220]  INFO -- :   Default external => UTF-8
I, [2021-06-25T16:42:39.184920 #49220]  INFO -- :   Default internal => nil
I, [2021-06-25T16:51:16.693912 #49220]  INFO -- : App exit: 49220
I, [2021-06-25T16:51:19.522123 #67587]  INFO -- : App Start
I, [2021-06-25T16:51:19.522523 #67587]  INFO -- : Version: 0.2.7
I, [2021-06-25T16:51:19.522563 #67587]  INFO -- : Ruby Version: 3.0.1
I, [2021-06-25T16:51:19.522592 #67587]  INFO -- : Msg handler: default
I, [2021-06-25T16:51:19.522614 #67587]  INFO -- : Encoding: 
I, [2021-06-25T16:51:19.522638 #67587]  INFO -- :   Script => UTF-8
I, [2021-06-25T16:51:19.522662 #67587]  INFO -- :   Locale => UTF-8
I, [2021-06-25T16:51:19.522883 #67587]  INFO -- :   Filesystem => UTF-8
I, [2021-06-25T16:51:19.522958 #67587]  INFO -- :   Default external => UTF-8
I, [2021-06-25T16:51:19.522996 #67587]  INFO -- :   Default internal => nil
I, [2021-06-25T16:58:43.699599 #67587]  INFO -- : App exit: 67587
I, [2021-06-25T16:59:35.585898 #73090]  INFO -- : App Start
I, [2021-06-25T16:59:35.585950 #73090]  INFO -- : Version: 0.2.7
I, [2021-06-25T16:59:35.585966 #73090]  INFO -- : Ruby Version: 3.0.1
I, [2021-06-25T16:59:35.585978 #73090]  INFO -- : Msg handler: default
I, [2021-06-25T16:59:35.585989 #73090]  INFO -- : Encoding: 
I, [2021-06-25T16:59:35.586002 #73090]  INFO -- :   Script => UTF-8
I, [2021-06-25T16:59:35.586014 #73090]  INFO -- :   Locale => UTF-8
I, [2021-06-25T16:59:35.586025 #73090]  INFO -- :   Filesystem => UTF-8
I, [2021-06-25T16:59:35.586036 #73090]  INFO -- :   Default external => UTF-8
I, [2021-06-25T16:59:35.586047 #73090]  INFO -- :   Default internal => nil
